<?xml version="1.0" encoding="UTF-8"?>
<!-- Generated by org.testng.reporters.JUnitReportReporter -->
<testsuite hostname="kb-PC" failures="0" tests="4" name="UserTestSuite.UserDataTestSuite" time="3.673" errors="0" timestamp="2021-07-10T14:11:37 IST" skipped="0">
  <testcase classname="UserTestSuite.UserDataTestSuite" name="test_deleteUserDetails" time="0.572"/>
  <system-out/>
  <testcase classname="UserTestSuite.UserDataTestSuite" name="test_modifyUserDetails" time="0.568"/>
  <system-out/>
  <testcase classname="UserTestSuite.UserDataTestSuite" name="test_createData" time="1.970"/>
  <system-out/>
  <testcase classname="UserTestSuite.UserDataTestSuite" name="test_userNotfound" time="0.563"/>
  <system-out/>
</testsuite> <!-- UserTestSuite.UserDataTestSuite -->
