<?xml version="1.0" encoding="UTF-8"?>
<!-- Generated by org.testng.reporters.JUnitReportReporter -->
<testsuite hostname="kb-PC" failures="0" tests="4" name="UserTestSuite.ContractTestSuite" time="2.579" errors="0" timestamp="2021-07-10T13:10:07 IST" skipped="0">
  <testcase classname="UserTestSuite.ContractTestSuite" name="test_createData" time="2.445"/>
  <system-out/>
  <testcase classname="UserTestSuite.ContractTestSuite" name="test_modifyUserDetails" time="0.065"/>
  <system-out/>
  <testcase classname="UserTestSuite.ContractTestSuite" name="test_userNotfound" time="0.034"/>
  <system-out/>
  <testcase classname="UserTestSuite.ContractTestSuite" name="test_deleteUserDetails" time="0.035"/>
  <system-out/>
</testsuite> <!-- UserTestSuite.ContractTestSuite -->
