<?xml version="1.0" encoding="UTF-8"?>
<!-- Generated by org.testng.reporters.JUnitReportReporter -->
<testsuite hostname="kb-PC" failures="0" tests="4" name="UserTestSuite.ContractTestSuite" time="2.097" errors="0" timestamp="2021-07-10T14:11:37 IST" skipped="0">
  <testcase classname="UserTestSuite.ContractTestSuite" name="test_deleteUserDetails" time="0.034"/>
  <system-out/>
  <testcase classname="UserTestSuite.ContractTestSuite" name="test_modifyUserDetails" time="0.030"/>
  <system-out/>
  <testcase classname="UserTestSuite.ContractTestSuite" name="test_userNotfound" time="0.033"/>
  <system-out/>
  <testcase classname="UserTestSuite.ContractTestSuite" name="test_createData" time="2.000"/>
  <system-out/>
</testsuite> <!-- UserTestSuite.ContractTestSuite -->
