<?xml version="1.0" encoding="UTF-8"?>
<!-- Generated by org.testng.reporters.JUnitReportReporter -->
<testsuite hostname="kb-PC" failures="0" tests="4" name="UserTestSuite.UserDataTestSuite" time="5.499" errors="0" timestamp="2021-07-10T13:10:07 IST" skipped="0">
  <testcase classname="UserTestSuite.UserDataTestSuite" name="test_createData" time="3.718"/>
  <system-out/>
  <testcase classname="UserTestSuite.UserDataTestSuite" name="test_deleteUserDetails" time="0.627"/>
  <system-out/>
  <testcase classname="UserTestSuite.UserDataTestSuite" name="test_userNotfound" time="0.531"/>
  <system-out/>
  <testcase classname="UserTestSuite.UserDataTestSuite" name="test_modifyUserDetails" time="0.623"/>
  <system-out/>
</testsuite> <!-- UserTestSuite.UserDataTestSuite -->
